<?xml version="1.0" encoding="UTF-8"?>
<!-- Generated by org.testng.reporters.JUnitReportReporter -->
<testsuite skipped="0" hostname="IBM586-PC0F1E6B" name="com.training.sanity.tests.ELTC_072Test" tests="4" failures="0" timestamp="16 Jan 2019 08:48:29 GMT" time="112.339" errors="0">
  <testcase name="subscribeTest" time="36.122" classname="com.training.sanity.tests.ELTC_072Test"/>
  <testcase name="subscribeTest" time="27.682" classname="com.training.sanity.tests.ELTC_072Test"/>
  <testcase name="subscribeTest" time="25.843" classname="com.training.sanity.tests.ELTC_072Test"/>
  <testcase name="subscribeTest" time="22.692" classname="com.training.sanity.tests.ELTC_072Test"/>
</testsuite> <!-- com.training.sanity.tests.ELTC_072Test -->
