<?xml version="1.0" encoding="UTF-8"?>
<!-- Generated by org.testng.reporters.JUnitReportReporter -->
<testsuite skipped="0" hostname="IBM586-PC0F1E6B" name="com.training.sanity.tests.Lostpassword" tests="1" failures="0" timestamp="21 Dec 2018 12:35:04 GMT" time="5.849" errors="0">
  <testcase name="lostpasswordTest" time="5.849" classname="com.training.sanity.tests.Lostpassword"/>
</testsuite> <!-- com.training.sanity.tests.Lostpassword -->
