<?xml version="1.0" encoding="UTF-8"?>
<!-- Generated by org.testng.reporters.JUnitReportReporter -->
<testsuite skipped="0" hostname="IBM586-PC0F1E6B" name="com.training.sanity.tests.LogoutTest" tests="1" failures="0" timestamp="15 Jan 2019 13:29:00 GMT" time="8.512" errors="0">
  <testcase name="subscribeTest" time="8.512" classname="com.training.sanity.tests.LogoutTest"/>
</testsuite> <!-- com.training.sanity.tests.LogoutTest -->
