<?xml version="1.0" encoding="UTF-8"?>
<!-- Generated by org.testng.reporters.JUnitReportReporter -->
<testsuite skipped="0" hostname="IBM586-PC0F1E6B" name="com.training.sanity.tests.ELTC_073Test" tests="1" failures="0" timestamp="18 Jan 2019 07:03:08 GMT" time="28.688" errors="0">
  <testcase name="subscribeTest" time="28.688" classname="com.training.sanity.tests.ELTC_073Test"/>
</testsuite> <!-- com.training.sanity.tests.ELTC_073Test -->
