<?xml version="1.0" encoding="UTF-8"?>
<!-- Generated by org.testng.reporters.JUnitReportReporter -->
<testsuite skipped="0" hostname="IBM586-PC0F1E6B" name="com.training.sanity.tests.TakeassessmentTest" tests="1" failures="0" timestamp="02 Jan 2019 09:00:29 GMT" time="47.781" errors="0">
  <testcase name="subscribeTest" time="47.781" classname="com.training.sanity.tests.TakeassessmentTest"/>
</testsuite> <!-- com.training.sanity.tests.TakeassessmentTest -->
