<?xml version="1.0" encoding="UTF-8"?>
<!-- Generated by org.testng.reporters.JUnitReportReporter -->
<testsuite skipped="0" hostname="IBM586-PC0F1E6B" name="com.training.sanity.tests.ChatTest" tests="1" failures="0" timestamp="04 Jan 2019 13:28:49 GMT" time="47.167" errors="0">
  <testcase name="subscribeTest" time="47.167" classname="com.training.sanity.tests.ChatTest"/>
</testsuite> <!-- com.training.sanity.tests.ChatTest -->
