<?xml version="1.0" encoding="UTF-8"?>
<!-- Generated by org.testng.reporters.JUnitReportReporter -->
<testsuite skipped="0" hostname="IBM586-PC0F1E6B" name="com.training.sanity.tests.EditprofileTest" tests="1" failures="0" timestamp="21 Dec 2018 12:24:18 GMT" time="14.001" errors="0">
  <testcase name="editprofileTest" time="14.001" classname="com.training.sanity.tests.EditprofileTest"/>
</testsuite> <!-- com.training.sanity.tests.EditprofileTest -->
