<?xml version="1.0" encoding="UTF-8"?>
<!-- Generated by org.testng.reporters.JUnitReportReporter -->
<testsuite skipped="0" hostname="IBM586-PC0F1E6B" name="com.training.sanity.tests.UploadassignmentTest" tests="1" failures="0" timestamp="02 Jan 2019 10:15:19 GMT" time="34.032" errors="0">
  <testcase name="subscribeTest" time="34.032" classname="com.training.sanity.tests.UploadassignmentTest"/>
</testsuite> <!-- com.training.sanity.tests.UploadassignmentTest -->
