<?xml version="1.0" encoding="UTF-8"?>
<!-- Generated by org.testng.reporters.JUnitReportReporter -->
<testsuite skipped="0" hostname="IBM586-PC0F1E6B" name="com.training.sanity.tests.Take_test" tests="1" failures="0" timestamp="02 Jan 2019 06:29:37 GMT" time="56.131" errors="0">
  <testcase name="subscribeTest" time="56.131" classname="com.training.sanity.tests.Take_test"/>
</testsuite> <!-- com.training.sanity.tests.Take_test -->
