<?xml version="1.0" encoding="UTF-8"?>
<!-- Generated by org.testng.reporters.JUnitReportReporter -->
<testsuite skipped="0" hostname="IBM586-PC0F1E6B" name="com.training.sanity.tests.DiscussforumTest" tests="1" failures="0" timestamp="09 Jan 2019 11:37:40 GMT" time="48.322" errors="0">
  <testcase name="subscribeTest" time="48.322" classname="com.training.sanity.tests.DiscussforumTest"/>
</testsuite> <!-- com.training.sanity.tests.DiscussforumTest -->
