<?xml version="1.0" encoding="UTF-8"?>
<!-- Generated by org.testng.reporters.JUnitReportReporter -->
<testsuite skipped="0" hostname="IBM586-PC0F1E6B" name="com.training.sanity.tests.SubscribecourseTest" tests="1" failures="0" timestamp="24 Dec 2018 08:53:19 GMT" time="20.699" errors="0">
  <testcase name="subscribeTest" time="20.699" classname="com.training.sanity.tests.SubscribecourseTest"/>
</testsuite> <!-- com.training.sanity.tests.SubscribecourseTest -->
