<?xml version="1.0" encoding="UTF-8"?>
<!-- Generated by org.testng.reporters.JUnitReportReporter -->
<testsuite skipped="0" hostname="IBM586-PC0F1E6B" name="com.training.sanity.tests.LogoutTest" tests="1" failures="0" timestamp="02 Jan 2019 08:20:44 GMT" time="8.285" errors="0">
  <testcase name="subscribeTest" time="8.285" classname="com.training.sanity.tests.LogoutTest"/>
</testsuite> <!-- com.training.sanity.tests.LogoutTest -->
