<?xml version="1.0" encoding="UTF-8"?>
<!-- Generated by org.testng.reporters.JUnitReportReporter -->
<testsuite skipped="0" hostname="IBM586-PC0F1E6B" name="com.training.sanity.tests.LogoutTest" tests="1" failures="0" timestamp="24 Dec 2018 10:05:05 GMT" time="10.650" errors="0">
  <testcase name="subscribeTest" time="10.650" classname="com.training.sanity.tests.LogoutTest"/>
</testsuite> <!-- com.training.sanity.tests.LogoutTest -->
